[weeb-api.github.io/docs/index.html]
[backblue.gif]
[fade.gif]
[index.html]
[weeb-api.github.io/docs/assets/main.css]
[weeb-api.github.io/docs/feed.xml]
[weeb-api.github.io/docs/carbon.html]
[weeb-api.github.io/docs/entertainment.html]
[weeb-api.github.io/docs/misc.html]
[weeb-api.github.io/docs/weeb.html]
[external.html]
[weeb-api.github.io/docs/index.html]
[weeb-api.github.io/docs/assets/minima-social-icons.svg]
[weeb-api.github.io/docs/assets/main.css]
[weeb-api.github.io/docs/carbon.html]
[telegra.ph/file/11e6cd6bda73db06a4b89.jpg]
[weeb-api.github.io/docs/entertainment.html]
[telegra.ph/file/ceff40e9d9d0c3f8c3a50.png]
[weeb-api.github.io/docs/misc.html]
[telegra.ph/file/ec6d0a0d4480593adf273.jpg]
[i.waifu.pics/uWB-nMh.jpg]
[telegra.ph/file/aecacc8703f30dddcd1c5.jpg]
[telegra.ph/file/ea67c477911d9cfc6f877.jpg]
[weeb-api.github.io/docs/weeb.html]
[weeb-api.github.io/docs/assets/minima-social-icons.svg]
[vip1.loli.io/2022/05/11/MyCZS57arxlBH1m.jpg]
